OK rust head-occipital-frontal-circumference-percentile
OK rust pediatric-bmi-for-age
OK rust pediatric-weight-for-height
OK rust us-core-adi-documentreference
OK rust us-core-allergyintolerance
OK rust us-core-authentication-time
OK rust us-core-average-blood-pressure
OK rust us-core-birthsex
OK rust us-core-blood-pressure
OK rust us-core-bmi
OK rust us-core-body-height
OK rust us-core-body-temperature
OK rust us-core-body-weight
OK rust us-core-care-experience-preference
OK rust us-core-careplan
OK rust us-core-careteam
OK rust us-core-condition-encounter-diagnosis
OK rust us-core-condition-problems-health-concerns
OK rust us-core-coverage
OK rust us-core-device
OK rust us-core-diagnosticreport-lab
OK rust us-core-diagnosticreport-note
OK rust us-core-direct
OK rust us-core-documentreference
OK rust us-core-encounter
OK rust us-core-ethnicity
OK rust us-core-extension-questionnaire-uri
OK rust us-core-familymemberhistory-recorder
OK rust us-core-familymemberhistory
OK rust us-core-genderIdentity
OK rust us-core-goal
OK rust us-core-head-circumference
OK rust us-core-heart-rate
OK rust us-core-immunization
OK rust us-core-individual-sex
OK rust us-core-interpreter-needed
OK rust us-core-jurisdiction
OK rust us-core-location
OK rust us-core-medication-adherence
OK rust us-core-medication
OK rust us-core-medicationdispense
OK rust us-core-medicationrequest
OK rust us-core-observation-adi-documentation
OK rust us-core-observation-clinical-result
OK rust us-core-observation-lab
OK rust us-core-observation-occupation
OK rust us-core-observation-pregnancyintent
OK rust us-core-observation-pregnancystatus
OK rust us-core-observation-screening-assessment
OK rust us-core-observation-sexual-orientation
OK rust us-core-organization
OK rust us-core-patient
OK rust us-core-practitioner
OK rust us-core-practitionerrole
OK rust us-core-procedure
OK rust us-core-provenance
OK rust us-core-pulse-oximetry
OK rust us-core-questionnaireresponse
OK rust us-core-race
OK rust us-core-relatedperson
OK rust us-core-respiratory-rate
OK rust us-core-servicerequest
OK rust us-core-sex
OK rust us-core-simple-observation
OK rust us-core-smokingstatus
OK rust us-core-specimen
OK rust us-core-treatment-intervention-preference
OK rust us-core-tribal-affiliation
OK rust us-core-vital-signs
OK rust uscdi-requirement
RUST BATCH: ok=70 failed=0 total=70
