OK rust DispenseRefill
OK rust PriorAuthorizationUtilization
OK rust ProvenanceSourceFrom
OK rust base-ext-associatedServers
OK rust base-ext-contactpoint-availabletime
OK rust base-ext-dynamicRegistration
OK rust base-ext-endpoint-rank
OK rust base-ext-endpoint-usecase
OK rust base-ext-endpointAccessControlMechanism
OK rust base-ext-fhir-ig
OK rust base-ext-identifier-status
OK rust base-ext-last-transmission
OK rust base-ext-last-typefilter
OK rust base-ext-last-types
OK rust base-ext-match-parameters
OK rust base-ext-members-opted-out
OK rust base-ext-secureExchangeArtifacts
OK rust base-ext-trustFramework
OK rust base-ext-verification-status
OK rust base-ext-when-adjudicated
OK rust extension-levelOfServiceCode
OK rust extension-reviewAction
OK rust extension-reviewActionCode
OK rust mtls-bundle
OK rust mtls-endpoint
OK rust mtls-organization
OK rust pdex-device
OK rust pdex-medicationdispense
OK rust pdex-member-match-group
OK rust pdex-member-no-match-group
OK rust pdex-mtls-signedobject-extension
OK rust pdex-parameters-multi-member-match-bundle-in
OK rust pdex-parameters-multi-member-match-bundle-out
OK rust pdex-priorauthorization
OK rust pdex-provenance
OK rust pdex-provider-consent
OK rust pdex-provider-group
RUST BATCH: ok=37 failed=0 total=37
