OK rust ecr-messageheader
OK rust eicr-composition
OK rust eicr-country-of-residence-observation
OK rust eicr-document-bundle
OK rust eicr-encounter
OK rust eicr-initiation-type-extension
OK rust eicr-organism-detected-observation
OK rust eicr-organism-susceptibility-observation
OK rust eicr-procedure
OK rust eicr-servicerequest
OK rust eicr-trigger-code-flag-extension
OK rust ersd-plandefinition
OK rust ersd-supplemental-library
OK rust rr-composition
OK rust rr-document-bundle
OK rust rr-documentreference
OK rust rr-eicr-processing-status-extension
OK rust rr-eicr-processing-status-observation
OK rust rr-eicr-processing-status-reason-observation
OK rust rr-eicr-receipt-time-extension
OK rust rr-external-resource-extension
OK rust rr-priority-extension
OK rust rr-relevant-reportable-condition-observation
OK rust rr-reportability-information-observation
OK rust rr-responsible-agency-organization
OK rust rr-routing-entity-organization
OK rust rr-rules-authoring-agency-organization
OK rust rr-summary-observation
RUST BATCH: ok=28 failed=0 total=28
