OK rust context-extension
OK rust drug-category-extension
OK rust emp-chronology-provenance
OK rust emp-medicationrequest-activity-extension
OK rust emp-medication
OK rust emp-origin-medication-extension
OK rust epa-batch-emp-request-bundle
OK rust epa-medication-pharmaceutical-product
OK rust epa-medication-pzn-ingredient
OK rust epa-medication
OK rust epa-medicationstatement-processing-event-extension
OK rust epa-medication-type-extension
OK rust epa-medication-unique-identifier
OK rust epa-ms-operation-outcome
OK rust epa-op-add-eml-entry-input-parameters
OK rust epa-op-add-emp-entry-input-parameters
OK rust epa-op-cancel-dispensation-erp-input-parameters
OK rust epa-op-cancel-prescription-erp-input-parameters
OK rust epa-op-eml-entry-output-parameters
OK rust epa-op-emp-commit-input-parameters
OK rust epa-op-emp-entry-output-parameters
OK rust epa-op-link-emp-entry-output-parameters
OK rust epa-op-link-emp-entry-parameters
OK rust epa-op-provide-dispensation-erp-input-parameters
OK rust epa-op-provide-prescription-erp-input-parameters
OK rust epa-op-rx-dispensation-erp-output-parameters
OK rust epa-op-rx-prescription-erp-output-parameters
OK rust epa-op-update-emp-entry-input-parameters
OK rust indicator-bvg-extension
OK rust indicator-ser-extension
OK rust is-emp-chronology-extension
OK rust is-emp-extension
OK rust medication-formulation-packaging-extension
OK rust medication-id-vaccine-extension
OK rust medication-ingredient-amount-extension
OK rust medication-ingredient-darreichungsform-extension
OK rust medication-manufacturing-instructions-extension
OK rust medication-packaging-size-extension
OK rust medication-total-quantity-formulation-extension
OK rust multiple-prescription-extension
OK rust narcotics-extension
OK rust patient-id-extension
OK rust patient-note-extension
OK rust prescriber-id-extension
OK rust reason-patient-instruction-extension
OK rust rx-originator-process-identifier
OK rust rx-prescription-process-identifier-extension
OK rust rx-prescription-process-identifier
OK rust teratogenic-extension
RUST BATCH: ok=49 failed=0 total=49
