OK rust au-core-allergyintolerance
OK rust au-core-bloodpressure
OK rust au-core-bodyheight
OK rust au-core-bodytemp
OK rust au-core-bodyweight
OK rust au-core-condition
OK rust au-core-diagnosticresult-path
OK rust au-core-diagnosticresult
OK rust au-core-encounter
OK rust au-core-healthcareservice
OK rust au-core-heartrate
OK rust au-core-immunization
OK rust au-core-location
OK rust au-core-medication
OK rust au-core-medicationrequest
OK rust au-core-medicationstatement
OK rust au-core-organization
OK rust au-core-patient
OK rust au-core-practitioner
OK rust au-core-practitionerrole
OK rust au-core-procedure
OK rust au-core-relatedperson
OK rust au-core-resprate
OK rust au-core-rsg-sexassignedab
OK rust au-core-smokingstatus
OK rust au-core-waistcircum
RUST BATCH: ok=26 failed=0 total=26
