OK rust mcode-body-location-qualifier
OK rust mcode-body-structure-identifier
OK rust mcode-body-surface-area
OK rust mcode-cancer-disease-status-evidence-type
OK rust mcode-cancer-disease-status
OK rust mcode-cancer-patient
OK rust mcode-cancer-related-medication-administration
OK rust mcode-cancer-related-medication-request
OK rust mcode-cancer-related-surgical-procedure
OK rust mcode-cancer-risk-assessment
OK rust mcode-cancer-stage
OK rust mcode-comorbidities
OK rust mcode-deauville-scale
OK rust mcode-ecog-performance-status
OK rust mcode-genomic-region-studied
OK rust mcode-genomics-report
OK rust mcode-genomic-variant
OK rust mcode-histologic-behavior-and-type
OK rust mcode-histologic-grade
OK rust mcode-histology-morphology-behavior
OK rust mcode-history-of-metastatic-cancer
OK rust mcode-human-specimen
OK rust mcode-karnofsky-performance-status
OK rust mcode-lansky-play-performance-status
OK rust mcode-laterality-qualifier
OK rust mcode-normalization-basis
OK rust mcode-patient-bundle
OK rust mcode-patient-group
OK rust mcode-primary-cancer-condition
OK rust mcode-procedure-intent
OK rust mcode-radiotherapy-course-summary
OK rust mcode-radiotherapy-dose-delivered-to-volume
OK rust mcode-radiotherapy-modality-and-technique
OK rust mcode-radiotherapy-modality
OK rust mcode-radiotherapy-sessions
OK rust mcode-radiotherapy-technique
OK rust mcode-radiotherapy-volume
OK rust mcode-related-condition-absent
OK rust mcode-related-condition
OK rust mcode-secondary-cancer-condition
OK rust mcode-tnm-category
OK rust mcode-treatment-termination-reason
OK rust mcode-tumor-marker-test
OK rust mcode-tumor-morphology
OK rust mcode-tumor-size
OK rust mcode-tumor
RUST BATCH: ok=46 failed=0 total=46
