OK rust parameters-questionnaire-assemble-in
OK rust parameters-questionnaire-assemble-out
OK rust parameters-questionnaire-next-question-in
OK rust parameters-questionnaire-next-question-out
OK rust parameters-questionnaire-populate-html-out
OK rust parameters-questionnaire-populate-in
OK rust parameters-questionnaire-populate-link-out
OK rust parameters-questionnaire-populate-out
OK rust parameters-questionnaire-process-response-in
OK rust parameters-questionnaireresponse-extract-in
FAIL rust sdc-codesystem: base not found: http://hl7.org/fhir/5.0/StructureDefinition/profile-CodeSystem
OK rust sdc-library
OK rust sdc-questionnaire-answerExpression
OK rust sdc-questionnaire-answerKey
OK rust sdc-questionnaire-answerOptionsToggleExpression
OK rust sdc-questionnaire-assembleContext
OK rust sdc-questionnaire-assembleDefinitionRoot
OK rust sdc-questionnaire-assembledFrom
OK rust sdc-questionnaire-assemble-expectation
OK rust sdc-questionnaire-calculatedExpression
OK rust sdc-questionnaire-candidateExpression
OK rust sdc-questionnaire-choiceColumn
OK rust sdc-questionnaire-collapsible
OK rust sdc-questionnaire-columnCount
OK rust sdc-questionnairecommon
OK rust sdc-questionnaire-contextExpression
OK rust sdc-questionnaire-definitionExtract
OK rust sdc-questionnaire-definitionExtractValue
OK rust sdc-questionnaire-enableWhenExpression
OK rust sdc-questionnaire-endpoint
OK rust sdc-questionnaire-entryMode
OK rust sdc-questionnaire-extractAllocateId
OK rust sdc-questionnaire-initialExpression
OK rust sdc-questionnaire-isSubject
OK rust sdc-questionnaire-item-answerAssessment
OK rust sdc-questionnaire-itemAnswerMedia
OK rust sdc-questionnaire-itemExtractionContext
OK rust sdc-questionnaire-itemMedia
OK rust sdc-questionnaire-itemPopulationContext
OK rust sdc-questionnaire-keyboard
OK rust sdc-questionnaire-launchContext
OK rust sdc-questionnaire-lookupQuestionnaire
OK rust sdc-questionnaire-maxQuantity
OK rust sdc-questionnaire-minQuantity
OK rust sdc-questionnaire-observation-extract-category
OK rust sdc-questionnaire-observationExtractEntry
OK rust sdc-questionnaire-observationExtract
OK rust sdc-questionnaire-observationLinkPeriod
OK rust sdc-questionnaire-openLabel
OK rust sdc-questionnaire-optionalDisplay
OK rust sdc-questionnaire-performerType
OK rust sdc-questionnaire-preferredTerminologyServer
OK rust sdc-questionnaire-questionnaireAdaptive
OK rust sdc-questionnaireresponsecommon
OK rust sdc-questionnaireresponse-isSubject
OK rust sdc-questionnaire-shortText
OK rust sdc-questionnaire-sourceQueries
OK rust sdc-questionnaire-sourceStructureMap
OK rust sdc-questionnaire-subQuestionnaire
OK rust sdc-questionnaire-targetStructureMap
OK rust sdc-questionnaire-templateExtractBundle
OK rust sdc-questionnaire-templateExtractContext
OK rust sdc-questionnaire-templateExtract
OK rust sdc-questionnaire-templateExtractValue
OK rust sdc-questionnaire-unitOpen
OK rust sdc-questionnaire-unitSupplementalSystem
OK rust sdc-questionnaire-width
OK rust sdc-rendering-criticalExtension
OK rust sdc-servicerequest-questionnaire
OK rust sdc-servicerequest
FAIL rust sdc-task: base not found: http://hl7.org/fhir/5.0/StructureDefinition/profile-Task
OK rust sdc-usagecontext
FAIL rust sdc-valueset: base not found: http://hl7.org/fhir/5.0/StructureDefinition/profile-ValueSet
RUST BATCH: ok=70 failed=3 total=73
Error: Rust batch had 3 failures
