OK rust annotation-code
OK rust coded-annotation
OK rust followup-recommendation
OK rust genomic-base
OK rust genomic-data-file
OK rust genomic-report-note
OK rust genomic-report
OK rust genomic-risk-assessment
OK rust genomic-study-analysis-change-type
OK rust genomic-study-analysis-device
OK rust genomic-study-analysis-ext
OK rust genomic-study-analysis-focus
OK rust genomic-study-analysis-genome-build
OK rust genomic-study-analysis-genomic-source-class
OK rust genomic-study-analysis-input
OK rust genomic-study-analysis-method-type
OK rust genomic-study-analysis-metrics
OK rust genomic-study-analysis-output
OK rust genomic-study-analysis-protocol-performed
OK rust genomic-study-analysis-regions
OK rust genomic-study-analysis-specimen
OK rust genomic-study-analysis-title
OK rust genomic-study-analysis
OK rust genomic-study-reference
OK rust genomic-study-referrer-ext
OK rust genomic-study
OK rust knowledgebase-ancestry-group
OK rust medication-assessed-reference
OK rust medication-recommendation
OK rust molecular-biomarker
OK rust recommended-action
OK rust repeat-motif-order
OK rust therapy-assessed-reference
RUST BATCH: ok=33 failed=0 total=33
