OK rust IHE.MHD.Comprehensive.DocumentReference
OK rust IHE.MHD.Comprehensive.Folder
OK rust IHE.MHD.Comprehensive.ProvideBundle
OK rust IHE.MHD.Comprehensive.SubmissionSet
OK rust IHE.MHD.EntryUUID.Identifier
OK rust IHE.MHD.FindDocumentLists.Audit.Consumer
OK rust IHE.MHD.FindDocumentLists.Audit.Responder
OK rust IHE.MHD.FindDocumentListsResponseMessage
OK rust IHE.MHD.FindDocumentReferences.Audit.Consumer
OK rust IHE.MHD.FindDocumentReferences.Audit.Responder
OK rust IHE.MHD.FindDocumentReferencesComprehensiveResponseMessage
OK rust IHE.MHD.FindDocumentReferencesResponseMessage
OK rust IHE.MHD.FindDocumentReferencesResponseMessageFullTextSearch
OK rust IHE.MHD.GenerateMetadata.Audit.Recipient
OK rust IHE.MHD.GenerateMetadata.Audit.Source
OK rust IHE.MHD.GenerateMetadata.Parameters.In
OK rust IHE.MHD.List
OK rust IHE.MHD.Minimal.DocumentReference
OK rust IHE.MHD.Minimal.Folder
OK rust IHE.MHD.Minimal.ProvideBundle
OK rust IHE.MHD.Minimal.SubmissionSet
OK rust IHE.MHD.Patch.Parameters
OK rust IHE.MHD.ProvideBundle.Audit.Recipient
OK rust IHE.MHD.ProvideBundle.Audit.Source
OK rust IHE.MHD.ProvideDocumentBundleResponse
OK rust IHE.MHD.RetrieveDocument.Audit.Consumer
OK rust IHE.MHD.RetrieveDocument.Audit.Responder
OK rust IHE.MHD.SimplifiedPublish.Audit.Recipient
OK rust IHE.MHD.SimplifiedPublish.Audit.Source
OK rust IHE.MHD.SimplifiedPublish.DocumentReference
OK rust IHE.MHD.SubmissionSetUniqueIdIdentifier
OK rust IHE.MHD.UnContained.Comprehensive.DocumentReference
OK rust IHE.MHD.UnContained.Comprehensive.ProvideBundle
OK rust IHE.MHD.UnContained.Comprehensive.SubmissionSet
OK rust IHE.MHD.UniqueIdIdentifier
OK rust ihe-HomeCommunityId
OK rust ihe-authorOrg
OK rust ihe-designationType
OK rust ihe-full-text-search-match-snippet
OK rust ihe-full-text-search-match-total-hits
OK rust ihe-intendedRecipient
OK rust ihe-sourceId
RUST BATCH: ok=42 failed=0 total=42
