OK rust base-ext-accessibility
OK rust base-ext-aligned-with-cms-data-network
OK rust base-ext-associatedServers
OK rust base-ext-cms-enrollment-in-good-standing
OK rust base-ext-cms-ial2-verified
OK rust base-ext-communication-proficiency
OK rust base-ext-delivery-method
OK rust base-ext-dynamicRegistration
OK rust base-ext-endpoint-environment-type
OK rust base-ext-endpoint-ihe-specific-connection-type
OK rust base-ext-endpoint-rank
OK rust base-ext-endpoint-reference
OK rust base-ext-endpoint-testing-certification
OK rust base-ext-endpointAccessControlMechanism
OK rust base-ext-fundingSource
OK rust base-ext-identifier-status
OK rust base-ext-implementation-guide
OK rust base-ext-insuranceplan-reference
OK rust base-ext-language-speak
OK rust base-ext-location-reference
OK rust base-ext-logo
OK rust base-ext-ndh-age-group
OK rust base-ext-ndh-age-range
OK rust base-ext-network-reference
OK rust base-ext-newpatients-characteristics
OK rust base-ext-newpatients
OK rust base-ext-org-alias-period
OK rust base-ext-org-alias-type
OK rust base-ext-org-description
OK rust base-ext-paymentAccepted
OK rust base-ext-practitioner-qualification-scope
OK rust base-ext-rating-details
OK rust base-ext-rating
OK rust base-ext-requiredDocument
OK rust base-ext-secureExchangeArtifacts
OK rust base-ext-security-details
OK rust base-ext-service-offered
OK rust base-ext-service-or-program-requirement
OK rust base-ext-verification-status
OK rust ndh-Endpoint
OK rust ndh-Group
OK rust ndh-HealthcareService
OK rust ndh-InsurancePlan
OK rust ndh-Location
OK rust ndh-Network
OK rust ndh-Organization
OK rust ndh-OrganizationAffiliation
OK rust ndh-Practitioner
OK rust ndh-PractitionerRole
OK rust ndh-Verification
RUST BATCH: ok=50 failed=0 total=50
