OK rust extension-administrationReferenceNumber
OK rust extension-admissionDates
OK rust extension-authorizationNumber
OK rust extension-authorizedProviderType
OK rust extension-careTeamClaimScope
OK rust extension-certificationType
OK rust extension-claimResponseReviewer
OK rust extension-communicatedDiagnosis
OK rust extension-conditionCode
OK rust extension-contentModifier
OK rust extension-diagnosisRecordedDate
OK rust extension-dischargeDate
OK rust extension-documentInformation
OK rust extension-epsdtIndicator
OK rust extension-errorElement
OK rust extension-errorFollowupAction
OK rust extension-errorPath
OK rust extension-homeHealthCareInformation
OK rust extension-identifierJurisdiction
OK rust extension-identifierSubDepartment
OK rust extension-infoChanged
OK rust extension-itemAuthorizedDetail
OK rust extension-itemAuthorizedProvider
OK rust extension-itemCategory
OK rust extension-itemCertificationEffectiveDate
OK rust extension-itemCertificationExpirationDate
OK rust extension-itemCertificationIssueDate
OK rust extension-itemPreAuthIssueDate
OK rust extension-itemPreAuthPeriod
OK rust extension-itemRequestedServiceDate
OK rust extension-itemTraceNumber
OK rust extension-levelOfServiceCode
OK rust extension-militaryStatus
OK rust extension-nursingHomeLevelOfCare
OK rust extension-nursingHomeResidentialStatus
OK rust extension-patientStatus
OK rust extension-productOrServiceCodeEnd
OK rust extension-requestedService
OK rust extension-revenueCode
OK rust extension-revenueUnitRateLimit
OK rust extension-reviewActionCode
OK rust extension-reviewAction
OK rust extension-serviceItemRequestType
OK rust extension-serviceLineNumber
OK rust extension-timingcalendarpattern
OK rust extension-timingdeliverypattern
OK rust extension-TransmissionIdentifiers
OK rust modifierextension-infoCancelled
OK rust profile-beneficiary
OK rust profile-claim-base
OK rust profile-claimresponse-base
OK rust profile-communicationrequest
OK rust profile-coverage
OK rust profile-datatype-timing
OK rust profile-devicerequest
OK rust profile-documentreference
OK rust profile-encounter
OK rust profile-identifier
OK rust profile-location
OK rust profile-medicationrequest
OK rust profile-nutritionorder
OK rust profile-organization
OK rust profile-pas-inquiry-request-bundle
OK rust profile-pas-inquiry-response-bundle
OK rust profile-pas-request-bundle
OK rust profile-pas-response-bundle
OK rust profile-practitionerrole
OK rust profile-practitioner
OK rust profile-quantity
OK rust profile-servicerequest
OK rust profile-subscriber
OK rust profile-subscription
OK rust profile-task
RUST BATCH: ok=73 failed=0 total=73
