OK rust qicore-adverseevent
OK rust qicore-allergyintolerance
OK rust qicore-bodystructure
OK rust qicore-careplan
OK rust qicore-careteam
OK rust qicore-claimresponse
OK rust qicore-claim
OK rust qicore-communicationnotdone
OK rust qicore-communicationrequest
OK rust qicore-communication
OK rust qicore-condition-encounter-diagnosis
OK rust qicore-condition-problems-health-concerns
OK rust qicore-coverage
OK rust qicore-device
OK rust qicore-deviceusestatement
OK rust qicore-diagnosticreport-lab
OK rust qicore-diagnosticreport-note
OK rust qicore-doNotPerformReason
OK rust qicore-encounter-diagnosisPresentOnAdmission
OK rust qicore-encounter
OK rust qicore-familymemberhistory
OK rust qicore-flag
OK rust qicore-goal
OK rust qicore-imagingstudy
OK rust qicore-immunizationevaluation
OK rust qicore-immunizationnotdone
OK rust qicore-immunizationrecommendation
OK rust qicore-immunization
OK rust qicore-isElective
OK rust qicore-keyelement
OK rust qicore-location
OK rust qicore-medicationadministrationnotdone
OK rust qicore-medicationadministration
OK rust qicore-medicationdispensedeclined
OK rust qicore-medicationdispense
OK rust qicore-medicationnotrequested
OK rust qicore-medicationrequest
OK rust qicore-medication
OK rust qicore-medicationstatement
OK rust qicore-nonpatient-observation
OK rust qicore-notDoneReason
OK rust qicore-notDoneValueSet
OK rust qicore-nutritionorder
OK rust qicore-observationcancelled
OK rust qicore-observation-clinical-result
OK rust qicore-observation-lab
OK rust qicore-observation-screening-assessment
OK rust qicore-organization
OK rust qicore-patient
OK rust qicore-practitionerrole
OK rust qicore-practitioner
OK rust qicore-procedurenotdone
OK rust qicore-procedure
OK rust qicore-questionnaireresponse
OK rust qicore-recorded
OK rust qicore-relatedperson
OK rust qicore-servicenotrequested
OK rust qicore-servicerequest-appropriatenessScore
OK rust qicore-servicerequest
OK rust qicore-simple-observation
OK rust qicore-substance
OK rust qicore-taskrejected
OK rust qicore-task
RUST BATCH: ok=63 failed=0 total=63
