OK rust AllergyIntolerance-twpas
OK rust Bundle-immunologic-agent-twpas
OK rust Bundle-response-twpas
OK rust Bundle-twpas
OK rust CarePlan-twpas
OK rust Claim-immunologic-agent-twpas
OK rust ClaimResponse-self-assessment-twpas
OK rust ClaimResponse-twpas
OK rust Claim-twpas
OK rust ClinicalImpression-twpas
OK rust Composition-opd-twpas
OK rust Condition-twpas
OK rust Coverage-twpas
OK rust DiagnosticReport-image-twpas
OK rust DiagnosticReport-twpas
OK rust DocumentReference-twpas
OK rust Encounter-opd-twpas
OK rust Encounter-twpas
OK rust extension-claim-encounter
OK rust extension-claimResponse-requestor
OK rust extension-requestedService
OK rust ImagingStudy-twpas
OK rust Media-twpas
OK rust MedicationRequest-apply-twpas
OK rust MedicationRequest-treat-twpas
OK rust Observation-blood-group-twpas
OK rust Observation-cancer-stage-twpas
OK rust Observation-diagnostic-twpas
OK rust Observation-laboratory-result-twpas
OK rust Observation-objective-twpas
OK rust Observation-pat-assessment-twpas
OK rust Observation-subjective-twpas
OK rust Observation-tx-assessment-twpas
OK rust Operationoutcome-twpas
OK rust Organization-genetic-testing-twpas
OK rust Organization-twpas
OK rust Patient-twpas
OK rust Practitioner-twpas
OK rust Procedure-phototherapy-twpas
OK rust Procedure-twpas
OK rust Specimen-twpas
OK rust Substance-phototherapy-twpas
OK rust Substance-twpas
RUST BATCH: ok=43 failed=0 total=43
